2023/11/16 16:24:27 [error] [exception.Error] Error: Call to undefined function getState() in C:\laragon\www\ClinicApp2\protected\controllers\SiteController.php:97
Stack trace:
#0 C:\laragon\www\framework\web\actions\CInlineAction.php(49): SiteController->actionLogin()
#1 C:\laragon\www\framework\web\CController.php(308): CInlineAction->runWithParams(Array)
#2 C:\laragon\www\framework\web\filters\CFilterChain.php(134): CController->runAction(Object(CInlineAction))
#3 C:\laragon\www\framework\web\filters\CFilter.php(40): CFilterChain->run()
#4 C:\laragon\www\framework\web\CController.php(1148): CFilter->filter(Object(CFilterChain))
#5 C:\laragon\www\framework\web\filters\CInlineFilter.php(58): CController->filterAccessControl(Object(CFilterChain))
#6 C:\laragon\www\framework\web\filters\CFilterChain.php(131): CInlineFilter->filter(Object(CFilterChain))
#7 C:\laragon\www\framework\web\CController.php(291): CFilterChain->run()
#8 C:\laragon\www\framework\web\CController.php(265): CController->runActionWithFilters(Object(CInlineAction), Array)
#9 C:\laragon\www\framework\web\CWebApplication.php(282): CController->run('login')
#10 C:\laragon\www\framework\web\CWebApplication.php(141): CWebApplication->runController('site/login')
#11 C:\laragon\www\framework\base\CApplication.php(185): CWebApplication->processRequest()
#12 C:\laragon\www\ClinicApp2\index.php(13): CApplication->run()
#13 {main}
REQUEST_URI=/login
HTTP_REFERER=http://clinicapp2.test/login
---
2023/11/16 16:24:37 [error] [exception.Error] Error: Call to undefined function getState() in C:\laragon\www\ClinicApp2\protected\controllers\SiteController.php:97
Stack trace:
#0 C:\laragon\www\framework\web\actions\CInlineAction.php(49): SiteController->actionLogin()
#1 C:\laragon\www\framework\web\CController.php(308): CInlineAction->runWithParams(Array)
#2 C:\laragon\www\framework\web\filters\CFilterChain.php(134): CController->runAction(Object(CInlineAction))
#3 C:\laragon\www\framework\web\filters\CFilter.php(40): CFilterChain->run()
#4 C:\laragon\www\framework\web\CController.php(1148): CFilter->filter(Object(CFilterChain))
#5 C:\laragon\www\framework\web\filters\CInlineFilter.php(58): CController->filterAccessControl(Object(CFilterChain))
#6 C:\laragon\www\framework\web\filters\CFilterChain.php(131): CInlineFilter->filter(Object(CFilterChain))
#7 C:\laragon\www\framework\web\CController.php(291): CFilterChain->run()
#8 C:\laragon\www\framework\web\CController.php(265): CController->runActionWithFilters(Object(CInlineAction), Array)
#9 C:\laragon\www\framework\web\CWebApplication.php(282): CController->run('login')
#10 C:\laragon\www\framework\web\CWebApplication.php(141): CWebApplication->runController('site/login')
#11 C:\laragon\www\framework\base\CApplication.php(185): CWebApplication->processRequest()
#12 C:\laragon\www\ClinicApp2\index.php(13): CApplication->run()
#13 {main}
REQUEST_URI=/login
HTTP_REFERER=http://clinicapp2.test/login
---
2023/11/16 16:46:03 [error] [system.db.CDbCommand] CDbCommand::execute() failed: SQLSTATE[23505]: Unique violation: 7 ERROR:  duplicate key value violates unique constraint "users_pkey"
DETAIL:  Key (user_id)=(1) already exists.. The SQL statement executed was: INSERT INTO "users" ("username", "password") VALUES (:yp0, :yp1).
in C:\laragon\www\ClinicApp2\protected\controllers\UsersController.php (73)
in C:\laragon\www\ClinicApp2\index.php (13)
2023/11/16 16:46:03 [error] [exception.CDbException] CDbException: CDbCommand failed to execute the SQL statement: SQLSTATE[23505]: Unique violation: 7 ERROR:  duplicate key value violates unique constraint "users_pkey"
DETAIL:  Key (user_id)=(1) already exists.. The SQL statement executed was: INSERT INTO "users" ("username", "password") VALUES (:yp0, :yp1) in C:\laragon\www\framework\db\CDbCommand.php:358
Stack trace:
#0 C:\laragon\www\framework\db\ar\CActiveRecord.php(1083): CDbCommand->execute()
#1 C:\laragon\www\framework\db\ar\CActiveRecord.php(811): CActiveRecord->insert(NULL)
#2 C:\laragon\www\ClinicApp2\protected\controllers\UsersController.php(73): CActiveRecord->save()
#3 C:\laragon\www\framework\web\actions\CInlineAction.php(49): UsersController->actionCreate()
#4 C:\laragon\www\framework\web\CController.php(308): CInlineAction->runWithParams(Array)
#5 C:\laragon\www\framework\web\filters\CFilterChain.php(134): CController->runAction(Object(CInlineAction))
#6 C:\laragon\www\framework\web\filters\CFilter.php(40): CFilterChain->run()
#7 C:\laragon\www\framework\web\CController.php(1148): CFilter->filter(Object(CFilterChain))
#8 C:\laragon\www\framework\web\filters\CInlineFilter.php(58): CController->filterAccessControl(Object(CFilterChain))
#9 C:\laragon\www\framework\web\filters\CFilterChain.php(131): CInlineFilter->filter(Object(CFilterChain))
#10 C:\laragon\www\framework\web\CController.php(291): CFilterChain->run()
#11 C:\laragon\www\framework\web\CController.php(265): CController->runActionWithFilters(Object(CInlineAction), Array)
#12 C:\laragon\www\framework\web\CWebApplication.php(282): CController->run('create')
#13 C:\laragon\www\framework\web\CWebApplication.php(141): CWebApplication->runController('users/create')
#14 C:\laragon\www\framework\base\CApplication.php(185): CWebApplication->processRequest()
#15 C:\laragon\www\ClinicApp2\index.php(13): CApplication->run()
#16 {main}
REQUEST_URI=/users/create
HTTP_REFERER=http://clinicapp2.test/users/create
---
2023/11/16 16:54:00 [error] [exception.ParseError] ParseError: syntax error, unexpected token "array", expecting ")" in C:\laragon\www\ClinicApp2\protected\views\layouts\main.php:37
Stack trace:
#0 C:\laragon\www\framework\web\CBaseController.php(95): CBaseController->renderInternal('C:\\laragon\\www\\...', Array, true)
#1 C:\laragon\www\framework\web\widgets\CContentDecorator.php(76): CBaseController->renderFile('C:\\laragon\\www\\...', Array, true)
#2 C:\laragon\www\framework\web\widgets\CContentDecorator.php(54): CContentDecorator->decorate('<div id="conten...')
#3 C:\laragon\www\framework\web\widgets\COutputProcessor.php(44): CContentDecorator->processOutput('<div id="conten...')
#4 C:\laragon\www\framework\web\CBaseController.php(215): COutputProcessor->run()
#5 C:\laragon\www\framework\web\CBaseController.php(309): CBaseController->endWidget('CContentDecorat...')
#6 C:\laragon\www\ClinicApp2\protected\views\layouts\column1.php(6): CBaseController->endContent()
#7 C:\laragon\www\framework\web\CBaseController.php(126): require('C:\\laragon\\www\\...')
#8 C:\laragon\www\framework\web\CBaseController.php(95): CBaseController->renderInternal('C:\\laragon\\www\\...', Array, true)
#9 C:\laragon\www\framework\web\CController.php(787): CBaseController->renderFile('C:\\laragon\\www\\...', Array, true)
#10 C:\laragon\www\ClinicApp2\protected\controllers\SiteController.php(32): CController->render('index')
#11 C:\laragon\www\framework\web\actions\CInlineAction.php(49): SiteController->actionIndex()
#12 C:\laragon\www\framework\web\CController.php(308): CInlineAction->runWithParams(Array)
#13 C:\laragon\www\framework\web\filters\CFilterChain.php(134): CController->runAction(Object(CInlineAction))
#14 C:\laragon\www\framework\web\filters\CFilter.php(40): CFilterChain->run()
#15 C:\laragon\www\framework\web\CController.php(1148): CFilter->filter(Object(CFilterChain))
#16 C:\laragon\www\framework\web\filters\CInlineFilter.php(58): CController->filterAccessControl(Object(CFilterChain))
#17 C:\laragon\www\framework\web\filters\CFilterChain.php(131): CInlineFilter->filter(Object(CFilterChain))
#18 C:\laragon\www\framework\web\CController.php(291): CFilterChain->run()
#19 C:\laragon\www\framework\web\CController.php(265): CController->runActionWithFilters(Object(CInlineAction), Array)
#20 C:\laragon\www\framework\web\CWebApplication.php(282): CController->run('')
#21 C:\laragon\www\framework\web\CWebApplication.php(141): CWebApplication->runController('')
#22 C:\laragon\www\framework\base\CApplication.php(185): CWebApplication->processRequest()
#23 C:\laragon\www\ClinicApp2\index.php(13): CApplication->run()
#24 {main}
REQUEST_URI=/
HTTP_REFERER=http://clinicapp2.test/admin
---
2023/11/16 17:54:57 [error] [php] include(AuthItem.php): Failed to open stream: No such file or directory (C:\laragon\www\framework\YiiBase.php:463)
Stack trace:
#0 C:\laragon\www\framework\YiiBase.php(463): include()
#1 C:\laragon\www\ClinicApp2\protected\controllers\UsersController.php(87): autoload()
#2 C:\laragon\www\framework\web\actions\CInlineAction.php(49): UsersController->actionCreate()
#3 C:\laragon\www\framework\web\CController.php(308): CInlineAction->runWithParams()
#4 C:\laragon\www\framework\web\filters\CFilterChain.php(134): UsersController->runAction()
#5 C:\laragon\www\framework\web\filters\CFilter.php(40): CFilterChain->run()
#6 C:\laragon\www\framework\web\CController.php(1148): CAccessControlFilter->filter()
#7 C:\laragon\www\framework\web\filters\CInlineFilter.php(58): UsersController->filterAccessControl()
#8 C:\laragon\www\framework\web\filters\CFilterChain.php(131): CInlineFilter->filter()
#9 C:\laragon\www\framework\web\CController.php(291): CFilterChain->run()
#10 C:\laragon\www\framework\web\CController.php(265): UsersController->runActionWithFilters()
#11 C:\laragon\www\framework\web\CWebApplication.php(282): UsersController->run()
#12 C:\laragon\www\framework\web\CWebApplication.php(141): CWebApplication->runController()
#13 C:\laragon\www\framework\base\CApplication.php(185): CWebApplication->processRequest()
#14 C:\laragon\www\ClinicApp2\index.php(13): CWebApplication->run()
REQUEST_URI=/users/create
in C:\laragon\www\ClinicApp2\protected\controllers\UsersController.php (87)
in C:\laragon\www\ClinicApp2\index.php (13)
2023/11/16 17:56:03 [error] [php] include(AuthItem.php): Failed to open stream: No such file or directory (C:\laragon\www\framework\YiiBase.php:463)
Stack trace:
#0 C:\laragon\www\framework\YiiBase.php(463): include()
#1 C:\laragon\www\ClinicApp2\protected\controllers\UsersController.php(87): autoload()
#2 C:\laragon\www\framework\web\actions\CInlineAction.php(49): UsersController->actionCreate()
#3 C:\laragon\www\framework\web\CController.php(308): CInlineAction->runWithParams()
#4 C:\laragon\www\framework\web\filters\CFilterChain.php(134): UsersController->runAction()
#5 C:\laragon\www\framework\web\filters\CFilter.php(40): CFilterChain->run()
#6 C:\laragon\www\framework\web\CController.php(1148): CAccessControlFilter->filter()
#7 C:\laragon\www\framework\web\filters\CInlineFilter.php(58): UsersController->filterAccessControl()
#8 C:\laragon\www\framework\web\filters\CFilterChain.php(131): CInlineFilter->filter()
#9 C:\laragon\www\framework\web\CController.php(291): CFilterChain->run()
#10 C:\laragon\www\framework\web\CController.php(265): UsersController->runActionWithFilters()
#11 C:\laragon\www\framework\web\CWebApplication.php(282): UsersController->run()
#12 C:\laragon\www\framework\web\CWebApplication.php(141): CWebApplication->runController()
#13 C:\laragon\www\framework\base\CApplication.php(185): CWebApplication->processRequest()
#14 C:\laragon\www\ClinicApp2\index.php(13): CWebApplication->run()
REQUEST_URI=/users/create
in C:\laragon\www\ClinicApp2\protected\controllers\UsersController.php (87)
in C:\laragon\www\ClinicApp2\index.php (13)
2023/11/16 17:56:23 [error] [php] include(AuthItem.php): Failed to open stream: No such file or directory (C:\laragon\www\framework\YiiBase.php:463)
Stack trace:
#0 C:\laragon\www\framework\YiiBase.php(463): include()
#1 C:\laragon\www\ClinicApp2\protected\controllers\UsersController.php(87): autoload()
#2 C:\laragon\www\framework\web\actions\CInlineAction.php(49): UsersController->actionCreate()
#3 C:\laragon\www\framework\web\CController.php(308): CInlineAction->runWithParams()
#4 C:\laragon\www\framework\web\filters\CFilterChain.php(134): UsersController->runAction()
#5 C:\laragon\www\framework\web\filters\CFilter.php(40): CFilterChain->run()
#6 C:\laragon\www\framework\web\CController.php(1148): CAccessControlFilter->filter()
#7 C:\laragon\www\framework\web\filters\CInlineFilter.php(58): UsersController->filterAccessControl()
#8 C:\laragon\www\framework\web\filters\CFilterChain.php(131): CInlineFilter->filter()
#9 C:\laragon\www\framework\web\CController.php(291): CFilterChain->run()
#10 C:\laragon\www\framework\web\CController.php(265): UsersController->runActionWithFilters()
#11 C:\laragon\www\framework\web\CWebApplication.php(282): UsersController->run()
#12 C:\laragon\www\framework\web\CWebApplication.php(141): CWebApplication->runController()
#13 C:\laragon\www\framework\base\CApplication.php(185): CWebApplication->processRequest()
#14 C:\laragon\www\ClinicApp2\index.php(13): CWebApplication->run()
REQUEST_URI=/users/create
in C:\laragon\www\ClinicApp2\protected\controllers\UsersController.php (87)
in C:\laragon\www\ClinicApp2\index.php (13)
2023/11/16 17:56:25 [error] [php] include(AuthItem.php): Failed to open stream: No such file or directory (C:\laragon\www\framework\YiiBase.php:463)
Stack trace:
#0 C:\laragon\www\framework\YiiBase.php(463): include()
#1 C:\laragon\www\ClinicApp2\protected\controllers\UsersController.php(87): autoload()
#2 C:\laragon\www\framework\web\actions\CInlineAction.php(49): UsersController->actionCreate()
#3 C:\laragon\www\framework\web\CController.php(308): CInlineAction->runWithParams()
#4 C:\laragon\www\framework\web\filters\CFilterChain.php(134): UsersController->runAction()
#5 C:\laragon\www\framework\web\filters\CFilter.php(40): CFilterChain->run()
#6 C:\laragon\www\framework\web\CController.php(1148): CAccessControlFilter->filter()
#7 C:\laragon\www\framework\web\filters\CInlineFilter.php(58): UsersController->filterAccessControl()
#8 C:\laragon\www\framework\web\filters\CFilterChain.php(131): CInlineFilter->filter()
#9 C:\laragon\www\framework\web\CController.php(291): CFilterChain->run()
#10 C:\laragon\www\framework\web\CController.php(265): UsersController->runActionWithFilters()
#11 C:\laragon\www\framework\web\CWebApplication.php(282): UsersController->run()
#12 C:\laragon\www\framework\web\CWebApplication.php(141): CWebApplication->runController()
#13 C:\laragon\www\framework\base\CApplication.php(185): CWebApplication->processRequest()
#14 C:\laragon\www\ClinicApp2\index.php(13): CWebApplication->run()
REQUEST_URI=/users/create
in C:\laragon\www\ClinicApp2\protected\controllers\UsersController.php (87)
in C:\laragon\www\ClinicApp2\index.php (13)
2023/11/16 17:58:16 [error] [php] include(AuthItem.php): Failed to open stream: No such file or directory (C:\laragon\www\framework\YiiBase.php:463)
Stack trace:
#0 C:\laragon\www\framework\YiiBase.php(463): include()
#1 C:\laragon\www\ClinicApp2\protected\controllers\UsersController.php(87): autoload()
#2 C:\laragon\www\framework\web\actions\CInlineAction.php(49): UsersController->actionCreate()
#3 C:\laragon\www\framework\web\CController.php(308): CInlineAction->runWithParams()
#4 C:\laragon\www\framework\web\filters\CFilterChain.php(134): UsersController->runAction()
#5 C:\laragon\www\framework\web\filters\CFilter.php(40): CFilterChain->run()
#6 C:\laragon\www\framework\web\CController.php(1148): CAccessControlFilter->filter()
#7 C:\laragon\www\framework\web\filters\CInlineFilter.php(58): UsersController->filterAccessControl()
#8 C:\laragon\www\framework\web\filters\CFilterChain.php(131): CInlineFilter->filter()
#9 C:\laragon\www\framework\web\CController.php(291): CFilterChain->run()
#10 C:\laragon\www\framework\web\CController.php(265): UsersController->runActionWithFilters()
#11 C:\laragon\www\framework\web\CWebApplication.php(282): UsersController->run()
#12 C:\laragon\www\framework\web\CWebApplication.php(141): CWebApplication->runController()
#13 C:\laragon\www\framework\base\CApplication.php(185): CWebApplication->processRequest()
#14 C:\laragon\www\ClinicApp2\index.php(13): CWebApplication->run()
REQUEST_URI=/users/create
in C:\laragon\www\ClinicApp2\protected\controllers\UsersController.php (87)
in C:\laragon\www\ClinicApp2\index.php (13)
2023/11/16 18:03:05 [error] [exception.CException] CException: Property "Users.role" is not defined. in C:\laragon\www\framework\base\CComponent.php:130
Stack trace:
#0 C:\laragon\www\framework\db\ar\CActiveRecord.php(145): CComponent->__get('role')
#1 C:\laragon\www\framework\web\helpers\CHtml.php(2784): CActiveRecord->__get('role')
#2 C:\laragon\www\framework\web\helpers\CHtml.php(2008): CHtml::resolveValue(Object(Users), 'role')
#3 C:\laragon\www\framework\web\widgets\CActiveForm.php(915): CHtml::activeDropDownList(Object(Users), 'role', Array, Array)
#4 C:\laragon\www\ClinicApp2\protected\views\users\_form.php(38): CActiveForm->dropDownList(Object(Users), 'role', Array, Array)
#5 C:\laragon\www\framework\web\CBaseController.php(126): require('C:\\laragon\\www\\...')
#6 C:\laragon\www\framework\web\CBaseController.php(95): CBaseController->renderInternal('C:\\laragon\\www\\...', Array, true)
#7 C:\laragon\www\framework\web\CController.php(872): CBaseController->renderFile('C:\\laragon\\www\\...', Array, true)
#8 C:\laragon\www\ClinicApp2\protected\views\users\create.php(15): CController->renderPartial('_form', Array)
#9 C:\laragon\www\framework\web\CBaseController.php(126): require('C:\\laragon\\www\\...')
#10 C:\laragon\www\framework\web\CBaseController.php(95): CBaseController->renderInternal('C:\\laragon\\www\\...', Array, true)
#11 C:\laragon\www\framework\web\CController.php(872): CBaseController->renderFile('C:\\laragon\\www\\...', Array, true)
#12 C:\laragon\www\framework\web\CController.php(785): CController->renderPartial('create', Array, true)
#13 C:\laragon\www\ClinicApp2\protected\controllers\UsersController.php(104): CController->render('create', Array)
#14 C:\laragon\www\framework\web\actions\CInlineAction.php(49): UsersController->actionCreate()
#15 C:\laragon\www\framework\web\CController.php(308): CInlineAction->runWithParams(Array)
#16 C:\laragon\www\framework\web\filters\CFilterChain.php(134): CController->runAction(Object(CInlineAction))
#17 C:\laragon\www\framework\web\filters\CFilter.php(40): CFilterChain->run()
#18 C:\laragon\www\framework\web\CController.php(1148): CFilter->filter(Object(CFilterChain))
#19 C:\laragon\www\framework\web\filters\CInlineFilter.php(58): CController->filterAccessControl(Object(CFilterChain))
#20 C:\laragon\www\framework\web\filters\CFilterChain.php(131): CInlineFilter->filter(Object(CFilterChain))
#21 C:\laragon\www\framework\web\CController.php(291): CFilterChain->run()
#22 C:\laragon\www\framework\web\CController.php(265): CController->runActionWithFilters(Object(CInlineAction), Array)
#23 C:\laragon\www\framework\web\CWebApplication.php(282): CController->run('create')
#24 C:\laragon\www\framework\web\CWebApplication.php(141): CWebApplication->runController('users/create')
#25 C:\laragon\www\framework\base\CApplication.php(185): CWebApplication->processRequest()
#26 C:\laragon\www\ClinicApp2\index.php(13): CApplication->run()
#27 {main}
REQUEST_URI=/users/create
HTTP_REFERER=http://clinicapp2.test/users/admin
---
2023/11/16 18:09:09 [error] [php] Undefined variable $roles (C:\laragon\www\ClinicApp2\protected\views\users\_form.php:36)
Stack trace:
#0 C:\laragon\www\framework\web\CBaseController.php(126): require()
#1 C:\laragon\www\framework\web\CBaseController.php(95): UsersController->renderInternal()
#2 C:\laragon\www\framework\web\CController.php(872): UsersController->renderFile()
#3 C:\laragon\www\ClinicApp2\protected\views\users\create.php(20): UsersController->renderPartial()
#4 C:\laragon\www\framework\web\CBaseController.php(126): require()
#5 C:\laragon\www\framework\web\CBaseController.php(95): UsersController->renderInternal()
#6 C:\laragon\www\framework\web\CController.php(872): UsersController->renderFile()
#7 C:\laragon\www\framework\web\CController.php(785): UsersController->renderPartial()
#8 C:\laragon\www\ClinicApp2\protected\controllers\UsersController.php(105): UsersController->render()
#9 C:\laragon\www\framework\web\actions\CInlineAction.php(49): UsersController->actionCreate()
#10 C:\laragon\www\framework\web\CController.php(308): CInlineAction->runWithParams()
#11 C:\laragon\www\framework\web\filters\CFilterChain.php(134): UsersController->runAction()
#12 C:\laragon\www\framework\web\filters\CFilter.php(40): CFilterChain->run()
#13 C:\laragon\www\framework\web\CController.php(1148): CAccessControlFilter->filter()
#14 C:\laragon\www\framework\web\filters\CInlineFilter.php(58): UsersController->filterAccessControl()
#15 C:\laragon\www\framework\web\filters\CFilterChain.php(131): CInlineFilter->filter()
#16 C:\laragon\www\framework\web\CController.php(291): CFilterChain->run()
#17 C:\laragon\www\framework\web\CController.php(265): UsersController->runActionWithFilters()
#18 C:\laragon\www\framework\web\CWebApplication.php(282): UsersController->run()
#19 C:\laragon\www\framework\web\CWebApplication.php(141): CWebApplication->runController()
#20 C:\laragon\www\framework\base\CApplication.php(185): CWebApplication->processRequest()
#21 C:\laragon\www\ClinicApp2\index.php(13): CWebApplication->run()
REQUEST_URI=/users/create
in C:\laragon\www\ClinicApp2\protected\views\users\_form.php (36)
in C:\laragon\www\ClinicApp2\protected\views\users\create.php (20)
in C:\laragon\www\ClinicApp2\protected\controllers\UsersController.php (105)
2023/11/16 18:09:35 [error] [php] Undefined variable $roles (C:\laragon\www\ClinicApp2\protected\views\users\_form.php:36)
Stack trace:
#0 C:\laragon\www\framework\web\CBaseController.php(126): require()
#1 C:\laragon\www\framework\web\CBaseController.php(95): UsersController->renderInternal()
#2 C:\laragon\www\framework\web\CController.php(872): UsersController->renderFile()
#3 C:\laragon\www\ClinicApp2\protected\views\users\create.php(20): UsersController->renderPartial()
#4 C:\laragon\www\framework\web\CBaseController.php(126): require()
#5 C:\laragon\www\framework\web\CBaseController.php(95): UsersController->renderInternal()
#6 C:\laragon\www\framework\web\CController.php(872): UsersController->renderFile()
#7 C:\laragon\www\framework\web\CController.php(785): UsersController->renderPartial()
#8 C:\laragon\www\ClinicApp2\protected\controllers\UsersController.php(106): UsersController->render()
#9 C:\laragon\www\framework\web\actions\CInlineAction.php(49): UsersController->actionCreate()
#10 C:\laragon\www\framework\web\CController.php(308): CInlineAction->runWithParams()
#11 C:\laragon\www\framework\web\filters\CFilterChain.php(134): UsersController->runAction()
#12 C:\laragon\www\framework\web\filters\CFilter.php(40): CFilterChain->run()
#13 C:\laragon\www\framework\web\CController.php(1148): CAccessControlFilter->filter()
#14 C:\laragon\www\framework\web\filters\CInlineFilter.php(58): UsersController->filterAccessControl()
#15 C:\laragon\www\framework\web\filters\CFilterChain.php(131): CInlineFilter->filter()
#16 C:\laragon\www\framework\web\CController.php(291): CFilterChain->run()
#17 C:\laragon\www\framework\web\CController.php(265): UsersController->runActionWithFilters()
#18 C:\laragon\www\framework\web\CWebApplication.php(282): UsersController->run()
#19 C:\laragon\www\framework\web\CWebApplication.php(141): CWebApplication->runController()
#20 C:\laragon\www\framework\base\CApplication.php(185): CWebApplication->processRequest()
#21 C:\laragon\www\ClinicApp2\index.php(13): CWebApplication->run()
REQUEST_URI=/users/create
in C:\laragon\www\ClinicApp2\protected\views\users\_form.php (36)
in C:\laragon\www\ClinicApp2\protected\views\users\create.php (20)
in C:\laragon\www\ClinicApp2\protected\controllers\UsersController.php (106)
2023/11/16 18:09:35 [error] [php] Undefined variable $roles (C:\laragon\www\ClinicApp2\protected\views\users\_form.php:36)
Stack trace:
#0 C:\laragon\www\framework\web\CBaseController.php(126): require()
#1 C:\laragon\www\framework\web\CBaseController.php(95): UsersController->renderInternal()
#2 C:\laragon\www\framework\web\CController.php(872): UsersController->renderFile()
#3 C:\laragon\www\ClinicApp2\protected\views\users\create.php(20): UsersController->renderPartial()
#4 C:\laragon\www\framework\web\CBaseController.php(126): require()
#5 C:\laragon\www\framework\web\CBaseController.php(95): UsersController->renderInternal()
#6 C:\laragon\www\framework\web\CController.php(872): UsersController->renderFile()
#7 C:\laragon\www\framework\web\CController.php(785): UsersController->renderPartial()
#8 C:\laragon\www\ClinicApp2\protected\controllers\UsersController.php(106): UsersController->render()
#9 C:\laragon\www\framework\web\actions\CInlineAction.php(49): UsersController->actionCreate()
#10 C:\laragon\www\framework\web\CController.php(308): CInlineAction->runWithParams()
#11 C:\laragon\www\framework\web\filters\CFilterChain.php(134): UsersController->runAction()
#12 C:\laragon\www\framework\web\filters\CFilter.php(40): CFilterChain->run()
#13 C:\laragon\www\framework\web\CController.php(1148): CAccessControlFilter->filter()
#14 C:\laragon\www\framework\web\filters\CInlineFilter.php(58): UsersController->filterAccessControl()
#15 C:\laragon\www\framework\web\filters\CFilterChain.php(131): CInlineFilter->filter()
#16 C:\laragon\www\framework\web\CController.php(291): CFilterChain->run()
#17 C:\laragon\www\framework\web\CController.php(265): UsersController->runActionWithFilters()
#18 C:\laragon\www\framework\web\CWebApplication.php(282): UsersController->run()
#19 C:\laragon\www\framework\web\CWebApplication.php(141): CWebApplication->runController()
#20 C:\laragon\www\framework\base\CApplication.php(185): CWebApplication->processRequest()
#21 C:\laragon\www\ClinicApp2\index.php(13): CWebApplication->run()
REQUEST_URI=/users/create
in C:\laragon\www\ClinicApp2\protected\views\users\_form.php (36)
in C:\laragon\www\ClinicApp2\protected\views\users\create.php (20)
in C:\laragon\www\ClinicApp2\protected\controllers\UsersController.php (106)
2023/11/16 18:09:36 [error] [php] Undefined variable $roles (C:\laragon\www\ClinicApp2\protected\views\users\_form.php:36)
Stack trace:
#0 C:\laragon\www\framework\web\CBaseController.php(126): require()
#1 C:\laragon\www\framework\web\CBaseController.php(95): UsersController->renderInternal()
#2 C:\laragon\www\framework\web\CController.php(872): UsersController->renderFile()
#3 C:\laragon\www\ClinicApp2\protected\views\users\create.php(20): UsersController->renderPartial()
#4 C:\laragon\www\framework\web\CBaseController.php(126): require()
#5 C:\laragon\www\framework\web\CBaseController.php(95): UsersController->renderInternal()
#6 C:\laragon\www\framework\web\CController.php(872): UsersController->renderFile()
#7 C:\laragon\www\framework\web\CController.php(785): UsersController->renderPartial()
#8 C:\laragon\www\ClinicApp2\protected\controllers\UsersController.php(106): UsersController->render()
#9 C:\laragon\www\framework\web\actions\CInlineAction.php(49): UsersController->actionCreate()
#10 C:\laragon\www\framework\web\CController.php(308): CInlineAction->runWithParams()
#11 C:\laragon\www\framework\web\filters\CFilterChain.php(134): UsersController->runAction()
#12 C:\laragon\www\framework\web\filters\CFilter.php(40): CFilterChain->run()
#13 C:\laragon\www\framework\web\CController.php(1148): CAccessControlFilter->filter()
#14 C:\laragon\www\framework\web\filters\CInlineFilter.php(58): UsersController->filterAccessControl()
#15 C:\laragon\www\framework\web\filters\CFilterChain.php(131): CInlineFilter->filter()
#16 C:\laragon\www\framework\web\CController.php(291): CFilterChain->run()
#17 C:\laragon\www\framework\web\CController.php(265): UsersController->runActionWithFilters()
#18 C:\laragon\www\framework\web\CWebApplication.php(282): UsersController->run()
#19 C:\laragon\www\framework\web\CWebApplication.php(141): CWebApplication->runController()
#20 C:\laragon\www\framework\base\CApplication.php(185): CWebApplication->processRequest()
#21 C:\laragon\www\ClinicApp2\index.php(13): CWebApplication->run()
REQUEST_URI=/users/create
in C:\laragon\www\ClinicApp2\protected\views\users\_form.php (36)
in C:\laragon\www\ClinicApp2\protected\views\users\create.php (20)
in C:\laragon\www\ClinicApp2\protected\controllers\UsersController.php (106)
2023/11/16 18:13:32 [error] [php] Undefined variable $roles (C:\laragon\www\ClinicApp2\protected\views\users\_form.php:36)
Stack trace:
#0 C:\laragon\www\framework\web\CBaseController.php(126): require()
#1 C:\laragon\www\framework\web\CBaseController.php(95): UsersController->renderInternal()
#2 C:\laragon\www\framework\web\CController.php(872): UsersController->renderFile()
#3 C:\laragon\www\ClinicApp2\protected\views\users\create.php(20): UsersController->renderPartial()
#4 C:\laragon\www\framework\web\CBaseController.php(126): require()
#5 C:\laragon\www\framework\web\CBaseController.php(95): UsersController->renderInternal()
#6 C:\laragon\www\framework\web\CController.php(872): UsersController->renderFile()
#7 C:\laragon\www\framework\web\CController.php(785): UsersController->renderPartial()
#8 C:\laragon\www\ClinicApp2\protected\controllers\UsersController.php(104): UsersController->render()
#9 C:\laragon\www\framework\web\actions\CInlineAction.php(49): UsersController->actionCreate()
#10 C:\laragon\www\framework\web\CController.php(308): CInlineAction->runWithParams()
#11 C:\laragon\www\framework\web\filters\CFilterChain.php(134): UsersController->runAction()
#12 C:\laragon\www\framework\web\filters\CFilter.php(40): CFilterChain->run()
#13 C:\laragon\www\framework\web\CController.php(1148): CAccessControlFilter->filter()
#14 C:\laragon\www\framework\web\filters\CInlineFilter.php(58): UsersController->filterAccessControl()
#15 C:\laragon\www\framework\web\filters\CFilterChain.php(131): CInlineFilter->filter()
#16 C:\laragon\www\framework\web\CController.php(291): CFilterChain->run()
#17 C:\laragon\www\framework\web\CController.php(265): UsersController->runActionWithFilters()
#18 C:\laragon\www\framework\web\CWebApplication.php(282): UsersController->run()
#19 C:\laragon\www\framework\web\CWebApplication.php(141): CWebApplication->runController()
#20 C:\laragon\www\framework\base\CApplication.php(185): CWebApplication->processRequest()
#21 C:\laragon\www\ClinicApp2\index.php(13): CWebApplication->run()
REQUEST_URI=/users/create
in C:\laragon\www\ClinicApp2\protected\views\users\_form.php (36)
in C:\laragon\www\ClinicApp2\protected\views\users\create.php (20)
in C:\laragon\www\ClinicApp2\protected\controllers\UsersController.php (104)
2023/11/16 18:13:34 [error] [php] Undefined variable $roles (C:\laragon\www\ClinicApp2\protected\views\users\_form.php:36)
Stack trace:
#0 C:\laragon\www\framework\web\CBaseController.php(126): require()
#1 C:\laragon\www\framework\web\CBaseController.php(95): UsersController->renderInternal()
#2 C:\laragon\www\framework\web\CController.php(872): UsersController->renderFile()
#3 C:\laragon\www\ClinicApp2\protected\views\users\create.php(20): UsersController->renderPartial()
#4 C:\laragon\www\framework\web\CBaseController.php(126): require()
#5 C:\laragon\www\framework\web\CBaseController.php(95): UsersController->renderInternal()
#6 C:\laragon\www\framework\web\CController.php(872): UsersController->renderFile()
#7 C:\laragon\www\framework\web\CController.php(785): UsersController->renderPartial()
#8 C:\laragon\www\ClinicApp2\protected\controllers\UsersController.php(104): UsersController->render()
#9 C:\laragon\www\framework\web\actions\CInlineAction.php(49): UsersController->actionCreate()
#10 C:\laragon\www\framework\web\CController.php(308): CInlineAction->runWithParams()
#11 C:\laragon\www\framework\web\filters\CFilterChain.php(134): UsersController->runAction()
#12 C:\laragon\www\framework\web\filters\CFilter.php(40): CFilterChain->run()
#13 C:\laragon\www\framework\web\CController.php(1148): CAccessControlFilter->filter()
#14 C:\laragon\www\framework\web\filters\CInlineFilter.php(58): UsersController->filterAccessControl()
#15 C:\laragon\www\framework\web\filters\CFilterChain.php(131): CInlineFilter->filter()
#16 C:\laragon\www\framework\web\CController.php(291): CFilterChain->run()
#17 C:\laragon\www\framework\web\CController.php(265): UsersController->runActionWithFilters()
#18 C:\laragon\www\framework\web\CWebApplication.php(282): UsersController->run()
#19 C:\laragon\www\framework\web\CWebApplication.php(141): CWebApplication->runController()
#20 C:\laragon\www\framework\base\CApplication.php(185): CWebApplication->processRequest()
#21 C:\laragon\www\ClinicApp2\index.php(13): CWebApplication->run()
REQUEST_URI=/users/create
in C:\laragon\www\ClinicApp2\protected\views\users\_form.php (36)
in C:\laragon\www\ClinicApp2\protected\views\users\create.php (20)
in C:\laragon\www\ClinicApp2\protected\controllers\UsersController.php (104)
2023/11/16 18:22:35 [error] [php] Undefined variable $roles (C:\laragon\www\ClinicApp2\protected\views\users\_form.php:36)
Stack trace:
#0 C:\laragon\www\framework\web\CBaseController.php(126): require()
#1 C:\laragon\www\framework\web\CBaseController.php(95): UsersController->renderInternal()
#2 C:\laragon\www\framework\web\CController.php(872): UsersController->renderFile()
#3 C:\laragon\www\ClinicApp2\protected\views\users\create.php(23): UsersController->renderPartial()
#4 C:\laragon\www\framework\web\CBaseController.php(126): require()
#5 C:\laragon\www\framework\web\CBaseController.php(95): UsersController->renderInternal()
#6 C:\laragon\www\framework\web\CController.php(872): UsersController->renderFile()
#7 C:\laragon\www\framework\web\CController.php(785): UsersController->renderPartial()
#8 C:\laragon\www\ClinicApp2\protected\controllers\UsersController.php(104): UsersController->render()
#9 C:\laragon\www\framework\web\actions\CInlineAction.php(49): UsersController->actionCreate()
#10 C:\laragon\www\framework\web\CController.php(308): CInlineAction->runWithParams()
#11 C:\laragon\www\framework\web\filters\CFilterChain.php(134): UsersController->runAction()
#12 C:\laragon\www\framework\web\filters\CFilter.php(40): CFilterChain->run()
#13 C:\laragon\www\framework\web\CController.php(1148): CAccessControlFilter->filter()
#14 C:\laragon\www\framework\web\filters\CInlineFilter.php(58): UsersController->filterAccessControl()
#15 C:\laragon\www\framework\web\filters\CFilterChain.php(131): CInlineFilter->filter()
#16 C:\laragon\www\framework\web\CController.php(291): CFilterChain->run()
#17 C:\laragon\www\framework\web\CController.php(265): UsersController->runActionWithFilters()
#18 C:\laragon\www\framework\web\CWebApplication.php(282): UsersController->run()
#19 C:\laragon\www\framework\web\CWebApplication.php(141): CWebApplication->runController()
#20 C:\laragon\www\framework\base\CApplication.php(185): CWebApplication->processRequest()
#21 C:\laragon\www\ClinicApp2\index.php(13): CWebApplication->run()
REQUEST_URI=/users/create
in C:\laragon\www\ClinicApp2\protected\views\users\_form.php (36)
in C:\laragon\www\ClinicApp2\protected\views\users\create.php (23)
in C:\laragon\www\ClinicApp2\protected\controllers\UsersController.php (104)
2023/11/16 18:22:38 [error] [php] Undefined variable $roles (C:\laragon\www\ClinicApp2\protected\views\users\_form.php:36)
Stack trace:
#0 C:\laragon\www\framework\web\CBaseController.php(126): require()
#1 C:\laragon\www\framework\web\CBaseController.php(95): UsersController->renderInternal()
#2 C:\laragon\www\framework\web\CController.php(872): UsersController->renderFile()
#3 C:\laragon\www\ClinicApp2\protected\views\users\create.php(23): UsersController->renderPartial()
#4 C:\laragon\www\framework\web\CBaseController.php(126): require()
#5 C:\laragon\www\framework\web\CBaseController.php(95): UsersController->renderInternal()
#6 C:\laragon\www\framework\web\CController.php(872): UsersController->renderFile()
#7 C:\laragon\www\framework\web\CController.php(785): UsersController->renderPartial()
#8 C:\laragon\www\ClinicApp2\protected\controllers\UsersController.php(104): UsersController->render()
#9 C:\laragon\www\framework\web\actions\CInlineAction.php(49): UsersController->actionCreate()
#10 C:\laragon\www\framework\web\CController.php(308): CInlineAction->runWithParams()
#11 C:\laragon\www\framework\web\filters\CFilterChain.php(134): UsersController->runAction()
#12 C:\laragon\www\framework\web\filters\CFilter.php(40): CFilterChain->run()
#13 C:\laragon\www\framework\web\CController.php(1148): CAccessControlFilter->filter()
#14 C:\laragon\www\framework\web\filters\CInlineFilter.php(58): UsersController->filterAccessControl()
#15 C:\laragon\www\framework\web\filters\CFilterChain.php(131): CInlineFilter->filter()
#16 C:\laragon\www\framework\web\CController.php(291): CFilterChain->run()
#17 C:\laragon\www\framework\web\CController.php(265): UsersController->runActionWithFilters()
#18 C:\laragon\www\framework\web\CWebApplication.php(282): UsersController->run()
#19 C:\laragon\www\framework\web\CWebApplication.php(141): CWebApplication->runController()
#20 C:\laragon\www\framework\base\CApplication.php(185): CWebApplication->processRequest()
#21 C:\laragon\www\ClinicApp2\index.php(13): CWebApplication->run()
REQUEST_URI=/users/create
in C:\laragon\www\ClinicApp2\protected\views\users\_form.php (36)
in C:\laragon\www\ClinicApp2\protected\views\users\create.php (23)
in C:\laragon\www\ClinicApp2\protected\controllers\UsersController.php (104)
2023/11/16 18:22:47 [error] [php] Undefined variable $roles (C:\laragon\www\ClinicApp2\protected\views\users\_form.php:36)
Stack trace:
#0 C:\laragon\www\framework\web\CBaseController.php(126): require()
#1 C:\laragon\www\framework\web\CBaseController.php(95): UsersController->renderInternal()
#2 C:\laragon\www\framework\web\CController.php(872): UsersController->renderFile()
#3 C:\laragon\www\ClinicApp2\protected\views\users\create.php(23): UsersController->renderPartial()
#4 C:\laragon\www\framework\web\CBaseController.php(126): require()
#5 C:\laragon\www\framework\web\CBaseController.php(95): UsersController->renderInternal()
#6 C:\laragon\www\framework\web\CController.php(872): UsersController->renderFile()
#7 C:\laragon\www\framework\web\CController.php(785): UsersController->renderPartial()
#8 C:\laragon\www\ClinicApp2\protected\controllers\UsersController.php(104): UsersController->render()
#9 C:\laragon\www\framework\web\actions\CInlineAction.php(49): UsersController->actionCreate()
#10 C:\laragon\www\framework\web\CController.php(308): CInlineAction->runWithParams()
#11 C:\laragon\www\framework\web\filters\CFilterChain.php(134): UsersController->runAction()
#12 C:\laragon\www\framework\web\filters\CFilter.php(40): CFilterChain->run()
#13 C:\laragon\www\framework\web\CController.php(1148): CAccessControlFilter->filter()
#14 C:\laragon\www\framework\web\filters\CInlineFilter.php(58): UsersController->filterAccessControl()
#15 C:\laragon\www\framework\web\filters\CFilterChain.php(131): CInlineFilter->filter()
#16 C:\laragon\www\framework\web\CController.php(291): CFilterChain->run()
#17 C:\laragon\www\framework\web\CController.php(265): UsersController->runActionWithFilters()
#18 C:\laragon\www\framework\web\CWebApplication.php(282): UsersController->run()
#19 C:\laragon\www\framework\web\CWebApplication.php(141): CWebApplication->runController()
#20 C:\laragon\www\framework\base\CApplication.php(185): CWebApplication->processRequest()
#21 C:\laragon\www\ClinicApp2\index.php(13): CWebApplication->run()
REQUEST_URI=/users/create
in C:\laragon\www\ClinicApp2\protected\views\users\_form.php (36)
in C:\laragon\www\ClinicApp2\protected\views\users\create.php (23)
in C:\laragon\www\ClinicApp2\protected\controllers\UsersController.php (104)
2023/11/16 18:38:33 [error] [php] crypt(): Passing null to parameter #1 ($string) of type string is deprecated (C:\laragon\www\framework\utils\CPasswordHelper.php:96)
Stack trace:
#0 C:\laragon\www\framework\utils\CPasswordHelper.php(96): crypt()
#1 C:\laragon\www\ClinicApp2\protected\controllers\UsersController.php(90): hashPassword()
#2 C:\laragon\www\framework\web\actions\CInlineAction.php(49): UsersController->actionCreate()
#3 C:\laragon\www\framework\web\CController.php(308): CInlineAction->runWithParams()
#4 C:\laragon\www\framework\web\filters\CFilterChain.php(134): UsersController->runAction()
#5 C:\laragon\www\framework\web\filters\CFilter.php(40): CFilterChain->run()
#6 C:\laragon\www\framework\web\CController.php(1148): CAccessControlFilter->filter()
#7 C:\laragon\www\framework\web\filters\CInlineFilter.php(58): UsersController->filterAccessControl()
#8 C:\laragon\www\framework\web\filters\CFilterChain.php(131): CInlineFilter->filter()
#9 C:\laragon\www\framework\web\CController.php(291): CFilterChain->run()
#10 C:\laragon\www\framework\web\CController.php(265): UsersController->runActionWithFilters()
#11 C:\laragon\www\framework\web\CWebApplication.php(282): UsersController->run()
#12 C:\laragon\www\framework\web\CWebApplication.php(141): CWebApplication->runController()
#13 C:\laragon\www\framework\base\CApplication.php(185): CWebApplication->processRequest()
#14 C:\laragon\www\ClinicApp2\index.php(13): CWebApplication->run()
REQUEST_URI=/users/create
in C:\laragon\www\ClinicApp2\protected\controllers\UsersController.php (90)
in C:\laragon\www\ClinicApp2\index.php (13)
2023/11/16 19:03:01 [error] [exception.CHttpException.403] CHttpException: You are not authorized to perform this action. in C:\laragon\www\framework\web\auth\CAccessControlFilter.php:183
Stack trace:
#0 C:\laragon\www\framework\web\auth\CAccessControlFilter.php(145): CAccessControlFilter->accessDenied(Object(CWebUser), 'You are not aut...')
#1 C:\laragon\www\framework\web\filters\CFilter.php(38): CAccessControlFilter->preFilter(Object(CFilterChain))
#2 C:\laragon\www\framework\web\CController.php(1148): CFilter->filter(Object(CFilterChain))
#3 C:\laragon\www\framework\web\filters\CInlineFilter.php(58): CController->filterAccessControl(Object(CFilterChain))
#4 C:\laragon\www\framework\web\filters\CFilterChain.php(131): CInlineFilter->filter(Object(CFilterChain))
#5 C:\laragon\www\framework\web\CController.php(291): CFilterChain->run()
#6 C:\laragon\www\framework\web\CController.php(265): CController->runActionWithFilters(Object(CInlineAction), Array)
#7 C:\laragon\www\framework\web\CWebApplication.php(282): CController->run('admin')
#8 C:\laragon\www\framework\web\CWebApplication.php(141): CWebApplication->runController('medicines/admin')
#9 C:\laragon\www\framework\base\CApplication.php(185): CWebApplication->processRequest()
#10 C:\laragon\www\ClinicApp2\index.php(13): CApplication->run()
#11 {main}
REQUEST_URI=/medicines/admin
HTTP_REFERER=http://clinicapp2.test/login
---
2023/11/16 19:03:41 [error] [exception.CHttpException.403] CHttpException: You are not authorized to perform this action. in C:\laragon\www\framework\web\auth\CAccessControlFilter.php:183
Stack trace:
#0 C:\laragon\www\framework\web\auth\CAccessControlFilter.php(145): CAccessControlFilter->accessDenied(Object(CWebUser), 'You are not aut...')
#1 C:\laragon\www\framework\web\filters\CFilter.php(38): CAccessControlFilter->preFilter(Object(CFilterChain))
#2 C:\laragon\www\framework\web\CController.php(1148): CFilter->filter(Object(CFilterChain))
#3 C:\laragon\www\framework\web\filters\CInlineFilter.php(58): CController->filterAccessControl(Object(CFilterChain))
#4 C:\laragon\www\framework\web\filters\CFilterChain.php(131): CInlineFilter->filter(Object(CFilterChain))
#5 C:\laragon\www\framework\web\CController.php(291): CFilterChain->run()
#6 C:\laragon\www\framework\web\CController.php(265): CController->runActionWithFilters(Object(CInlineAction), Array)
#7 C:\laragon\www\framework\web\CWebApplication.php(282): CController->run('index')
#8 C:\laragon\www\framework\web\CWebApplication.php(141): CWebApplication->runController('users/index')
#9 C:\laragon\www\framework\base\CApplication.php(185): CWebApplication->processRequest()
#10 C:\laragon\www\ClinicApp2\index.php(13): CApplication->run()
#11 {main}
REQUEST_URI=/users/index
---
2023/11/16 19:03:45 [error] [exception.CHttpException.403] CHttpException: You are not authorized to perform this action. in C:\laragon\www\framework\web\auth\CAccessControlFilter.php:183
Stack trace:
#0 C:\laragon\www\framework\web\auth\CAccessControlFilter.php(145): CAccessControlFilter->accessDenied(Object(CWebUser), 'You are not aut...')
#1 C:\laragon\www\framework\web\filters\CFilter.php(38): CAccessControlFilter->preFilter(Object(CFilterChain))
#2 C:\laragon\www\framework\web\CController.php(1148): CFilter->filter(Object(CFilterChain))
#3 C:\laragon\www\framework\web\filters\CInlineFilter.php(58): CController->filterAccessControl(Object(CFilterChain))
#4 C:\laragon\www\framework\web\filters\CFilterChain.php(131): CInlineFilter->filter(Object(CFilterChain))
#5 C:\laragon\www\framework\web\CController.php(291): CFilterChain->run()
#6 C:\laragon\www\framework\web\CController.php(265): CController->runActionWithFilters(Object(CInlineAction), Array)
#7 C:\laragon\www\framework\web\CWebApplication.php(282): CController->run('index')
#8 C:\laragon\www\framework\web\CWebApplication.php(141): CWebApplication->runController('users/index')
#9 C:\laragon\www\framework\base\CApplication.php(185): CWebApplication->processRequest()
#10 C:\laragon\www\ClinicApp2\index.php(13): CApplication->run()
#11 {main}
REQUEST_URI=/users/index
---
2023/11/16 19:04:17 [error] [exception.CHttpException.403] CHttpException: You are not authorized to perform this action. in C:\laragon\www\framework\web\auth\CAccessControlFilter.php:183
Stack trace:
#0 C:\laragon\www\framework\web\auth\CAccessControlFilter.php(145): CAccessControlFilter->accessDenied(Object(CWebUser), 'You are not aut...')
#1 C:\laragon\www\framework\web\filters\CFilter.php(38): CAccessControlFilter->preFilter(Object(CFilterChain))
#2 C:\laragon\www\framework\web\CController.php(1148): CFilter->filter(Object(CFilterChain))
#3 C:\laragon\www\framework\web\filters\CInlineFilter.php(58): CController->filterAccessControl(Object(CFilterChain))
#4 C:\laragon\www\framework\web\filters\CFilterChain.php(131): CInlineFilter->filter(Object(CFilterChain))
#5 C:\laragon\www\framework\web\CController.php(291): CFilterChain->run()
#6 C:\laragon\www\framework\web\CController.php(265): CController->runActionWithFilters(Object(CInlineAction), Array)
#7 C:\laragon\www\framework\web\CWebApplication.php(282): CController->run('index')
#8 C:\laragon\www\framework\web\CWebApplication.php(141): CWebApplication->runController('users/index')
#9 C:\laragon\www\framework\base\CApplication.php(185): CWebApplication->processRequest()
#10 C:\laragon\www\ClinicApp2\index.php(13): CApplication->run()
#11 {main}
REQUEST_URI=/users/index
---
2023/11/17 12:03:15 [error] [exception.CHttpException.404] CHttpException: Unable to resolve the request "favicon.ico". in C:\laragon\www\framework\web\CWebApplication.php:286
Stack trace:
#0 C:\laragon\www\framework\web\CWebApplication.php(141): CWebApplication->runController('favicon.ico')
#1 C:\laragon\www\framework\base\CApplication.php(185): CWebApplication->processRequest()
#2 C:\laragon\www\ClinicApp2\index.php(13): CApplication->run()
#3 {main}
REQUEST_URI=/favicon.ico
HTTP_REFERER=http://clinicapp2.test/
---
2023/11/17 13:02:20 [error] [system.db.CDbCommand] CDbCommand::execute() failed: SQLSTATE[23503]: Foreign key violation: 7 ERROR:  insert or update on table "employees" violates foreign key constraint "employees_region_id_fkey"
DETAIL:  Key (region_id)=(2) is not present in table "regions".. The SQL statement executed was: INSERT INTO "employees" ("employee_name", "email", "region_id") VALUES (:yp0, :yp1, :yp2).
in C:\laragon\www\ClinicApp2\protected\controllers\EmployeesController.php (73)
in C:\laragon\www\ClinicApp2\index.php (13)
2023/11/17 13:02:20 [error] [exception.CDbException] CDbException: CDbCommand failed to execute the SQL statement: SQLSTATE[23503]: Foreign key violation: 7 ERROR:  insert or update on table "employees" violates foreign key constraint "employees_region_id_fkey"
DETAIL:  Key (region_id)=(2) is not present in table "regions".. The SQL statement executed was: INSERT INTO "employees" ("employee_name", "email", "region_id") VALUES (:yp0, :yp1, :yp2) in C:\laragon\www\framework\db\CDbCommand.php:358
Stack trace:
#0 C:\laragon\www\framework\db\ar\CActiveRecord.php(1083): CDbCommand->execute()
#1 C:\laragon\www\framework\db\ar\CActiveRecord.php(811): CActiveRecord->insert(NULL)
#2 C:\laragon\www\ClinicApp2\protected\controllers\EmployeesController.php(73): CActiveRecord->save()
#3 C:\laragon\www\framework\web\actions\CInlineAction.php(49): EmployeesController->actionCreate()
#4 C:\laragon\www\framework\web\CController.php(308): CInlineAction->runWithParams(Array)
#5 C:\laragon\www\framework\web\filters\CFilterChain.php(134): CController->runAction(Object(CInlineAction))
#6 C:\laragon\www\framework\web\filters\CFilter.php(40): CFilterChain->run()
#7 C:\laragon\www\framework\web\CController.php(1148): CFilter->filter(Object(CFilterChain))
#8 C:\laragon\www\framework\web\filters\CInlineFilter.php(58): CController->filterAccessControl(Object(CFilterChain))
#9 C:\laragon\www\framework\web\filters\CFilterChain.php(131): CInlineFilter->filter(Object(CFilterChain))
#10 C:\laragon\www\framework\web\CController.php(291): CFilterChain->run()
#11 C:\laragon\www\framework\web\CController.php(265): CController->runActionWithFilters(Object(CInlineAction), Array)
#12 C:\laragon\www\framework\web\CWebApplication.php(282): CController->run('create')
#13 C:\laragon\www\framework\web\CWebApplication.php(141): CWebApplication->runController('employees/creat...')
#14 C:\laragon\www\framework\base\CApplication.php(185): CWebApplication->processRequest()
#15 C:\laragon\www\ClinicApp2\index.php(13): CApplication->run()
#16 {main}
REQUEST_URI=/employees/create
HTTP_REFERER=http://clinicapp2.test/employees/create
---
2023/11/17 13:13:26 [error] [php] Undefined variable $employees (C:\laragon\www\ClinicApp2\protected\views\users\_form.php:43)
Stack trace:
#0 C:\laragon\www\framework\web\CBaseController.php(126): require()
#1 C:\laragon\www\framework\web\CBaseController.php(95): UsersController->renderInternal()
#2 C:\laragon\www\framework\web\CController.php(872): UsersController->renderFile()
#3 C:\laragon\www\ClinicApp2\protected\views\users\create.php(17): UsersController->renderPartial()
#4 C:\laragon\www\framework\web\CBaseController.php(126): require()
#5 C:\laragon\www\framework\web\CBaseController.php(95): UsersController->renderInternal()
#6 C:\laragon\www\framework\web\CController.php(872): UsersController->renderFile()
#7 C:\laragon\www\framework\web\CController.php(785): UsersController->renderPartial()
#8 C:\laragon\www\ClinicApp2\protected\controllers\UsersController.php(112): UsersController->render()
#9 C:\laragon\www\framework\web\actions\CInlineAction.php(49): UsersController->actionCreate()
#10 C:\laragon\www\framework\web\CController.php(308): CInlineAction->runWithParams()
#11 C:\laragon\www\framework\web\filters\CFilterChain.php(134): UsersController->runAction()
#12 C:\laragon\www\framework\web\filters\CFilter.php(40): CFilterChain->run()
#13 C:\laragon\www\framework\web\CController.php(1148): CAccessControlFilter->filter()
#14 C:\laragon\www\framework\web\filters\CInlineFilter.php(58): UsersController->filterAccessControl()
#15 C:\laragon\www\framework\web\filters\CFilterChain.php(131): CInlineFilter->filter()
#16 C:\laragon\www\framework\web\CController.php(291): CFilterChain->run()
#17 C:\laragon\www\framework\web\CController.php(265): UsersController->runActionWithFilters()
#18 C:\laragon\www\framework\web\CWebApplication.php(282): UsersController->run()
#19 C:\laragon\www\framework\web\CWebApplication.php(141): CWebApplication->runController()
#20 C:\laragon\www\framework\base\CApplication.php(185): CWebApplication->processRequest()
#21 C:\laragon\www\ClinicApp2\index.php(13): CWebApplication->run()
REQUEST_URI=/users/create
in C:\laragon\www\ClinicApp2\protected\views\users\_form.php (43)
in C:\laragon\www\ClinicApp2\protected\views\users\create.php (17)
in C:\laragon\www\ClinicApp2\protected\controllers\UsersController.php (112)
2023/11/17 13:13:43 [error] [php] Undefined variable $employees (C:\laragon\www\ClinicApp2\protected\views\users\_form.php:43)
Stack trace:
#0 C:\laragon\www\framework\web\CBaseController.php(126): require()
#1 C:\laragon\www\framework\web\CBaseController.php(95): UsersController->renderInternal()
#2 C:\laragon\www\framework\web\CController.php(872): UsersController->renderFile()
#3 C:\laragon\www\ClinicApp2\protected\views\users\create.php(17): UsersController->renderPartial()
#4 C:\laragon\www\framework\web\CBaseController.php(126): require()
#5 C:\laragon\www\framework\web\CBaseController.php(95): UsersController->renderInternal()
#6 C:\laragon\www\framework\web\CController.php(872): UsersController->renderFile()
#7 C:\laragon\www\framework\web\CController.php(785): UsersController->renderPartial()
#8 C:\laragon\www\ClinicApp2\protected\controllers\UsersController.php(112): UsersController->render()
#9 C:\laragon\www\framework\web\actions\CInlineAction.php(49): UsersController->actionCreate()
#10 C:\laragon\www\framework\web\CController.php(308): CInlineAction->runWithParams()
#11 C:\laragon\www\framework\web\filters\CFilterChain.php(134): UsersController->runAction()
#12 C:\laragon\www\framework\web\filters\CFilter.php(40): CFilterChain->run()
#13 C:\laragon\www\framework\web\CController.php(1148): CAccessControlFilter->filter()
#14 C:\laragon\www\framework\web\filters\CInlineFilter.php(58): UsersController->filterAccessControl()
#15 C:\laragon\www\framework\web\filters\CFilterChain.php(131): CInlineFilter->filter()
#16 C:\laragon\www\framework\web\CController.php(291): CFilterChain->run()
#17 C:\laragon\www\framework\web\CController.php(265): UsersController->runActionWithFilters()
#18 C:\laragon\www\framework\web\CWebApplication.php(282): UsersController->run()
#19 C:\laragon\www\framework\web\CWebApplication.php(141): CWebApplication->runController()
#20 C:\laragon\www\framework\base\CApplication.php(185): CWebApplication->processRequest()
#21 C:\laragon\www\ClinicApp2\index.php(13): CWebApplication->run()
REQUEST_URI=/users/create
in C:\laragon\www\ClinicApp2\protected\views\users\_form.php (43)
in C:\laragon\www\ClinicApp2\protected\views\users\create.php (17)
in C:\laragon\www\ClinicApp2\protected\controllers\UsersController.php (112)
2023/11/17 13:17:47 [warning] [application] Failed to set unsafe attribute "employee_id" of "Users".
in C:\laragon\www\ClinicApp2\protected\controllers\UsersController.php (93)
in C:\laragon\www\ClinicApp2\index.php (13)
2023/11/17 13:21:08 [warning] [application] Failed to set unsafe attribute "employee_id" of "Users".
in C:\laragon\www\ClinicApp2\protected\controllers\UsersController.php (93)
in C:\laragon\www\ClinicApp2\index.php (13)
2023/11/17 13:31:19 [error] [exception.CException] CException: Property "Users.employees_id" is not defined. in C:\laragon\www\framework\base\CComponent.php:130
Stack trace:
#0 C:\laragon\www\framework\db\ar\CActiveRecord.php(145): CComponent->__get('employees_id')
#1 C:\laragon\www\ClinicApp2\protected\views\users\_view.php(21): CActiveRecord->__get('employees_id')
#2 C:\laragon\www\framework\web\CBaseController.php(130): require('C:\\laragon\\www\\...')
#3 C:\laragon\www\framework\web\CBaseController.php(95): CBaseController->renderInternal('C:\\laragon\\www\\...', Array, false)
#4 C:\laragon\www\framework\zii\widgets\CListView.php(291): CBaseController->renderFile('C:\\laragon\\www\\...', Array)
#5 C:\laragon\www\framework\zii\widgets\CBaseListView.php(181): CListView->renderItems()
#6 [internal function]: CBaseListView->renderSection(Array)
#7 C:\laragon\www\framework\zii\widgets\CBaseListView.php(164): preg_replace_callback('/{(\\w+)}/', Array, '{summary}\n{sort...')
#8 C:\laragon\www\framework\zii\widgets\CBaseListView.php(149): CBaseListView->renderContent()
#9 C:\laragon\www\framework\web\CBaseController.php(182): CBaseListView->run()
#10 C:\laragon\www\ClinicApp2\protected\views\users\index.php(19): CBaseController->widget('zii.widgets.CLi...', Array)
#11 C:\laragon\www\framework\web\CBaseController.php(126): require('C:\\laragon\\www\\...')
#12 C:\laragon\www\framework\web\CBaseController.php(95): CBaseController->renderInternal('C:\\laragon\\www\\...', Array, true)
#13 C:\laragon\www\framework\web\CController.php(872): CBaseController->renderFile('C:\\laragon\\www\\...', Array, true)
#14 C:\laragon\www\framework\web\CController.php(785): CController->renderPartial('index', Array, true)
#15 C:\laragon\www\ClinicApp2\protected\controllers\UsersController.php(167): CController->render('index', Array)
#16 C:\laragon\www\framework\web\actions\CInlineAction.php(49): UsersController->actionIndex()
#17 C:\laragon\www\framework\web\CController.php(308): CInlineAction->runWithParams(Array)
#18 C:\laragon\www\framework\web\filters\CFilterChain.php(134): CController->runAction(Object(CInlineAction))
#19 C:\laragon\www\framework\web\filters\CFilter.php(40): CFilterChain->run()
#20 C:\laragon\www\framework\web\CController.php(1148): CFilter->filter(Object(CFilterChain))
#21 C:\laragon\www\framework\web\filters\CInlineFilter.php(58): CController->filterAccessControl(Object(CFilterChain))
#22 C:\laragon\www\framework\web\filters\CFilterChain.php(131): CInlineFilter->filter(Object(CFilterChain))
#23 C:\laragon\www\framework\web\CController.php(291): CFilterChain->run()
#24 C:\laragon\www\framework\web\CController.php(265): CController->runActionWithFilters(Object(CInlineAction), Array)
#25 C:\laragon\www\framework\web\CWebApplication.php(282): CController->run('index')
#26 C:\laragon\www\framework\web\CWebApplication.php(141): CWebApplication->runController('users/index')
#27 C:\laragon\www\framework\base\CApplication.php(185): CWebApplication->processRequest()
#28 C:\laragon\www\ClinicApp2\index.php(13): CApplication->run()
#29 {main}
REQUEST_URI=/users/index
HTTP_REFERER=http://clinicapp2.test/users/view/id/8
---
2023/11/17 13:31:55 [error] [php] Undefined variable $employees (C:\laragon\www\ClinicApp2\protected\views\users\_view.php:21)
Stack trace:
#0 C:\laragon\www\framework\web\CBaseController.php(130): require()
#1 C:\laragon\www\framework\web\CBaseController.php(95): UsersController->renderInternal()
#2 C:\laragon\www\framework\zii\widgets\CListView.php(291): UsersController->renderFile()
#3 C:\laragon\www\framework\zii\widgets\CBaseListView.php(181): CListView->renderItems()
#4 unknown(0): CListView->renderSection()
#5 C:\laragon\www\framework\zii\widgets\CBaseListView.php(164): preg_replace_callback()
#6 C:\laragon\www\framework\zii\widgets\CBaseListView.php(149): CListView->renderContent()
#7 C:\laragon\www\framework\web\CBaseController.php(182): CListView->run()
#8 C:\laragon\www\ClinicApp2\protected\views\users\index.php(19): UsersController->widget()
#9 C:\laragon\www\framework\web\CBaseController.php(126): require()
#10 C:\laragon\www\framework\web\CBaseController.php(95): UsersController->renderInternal()
#11 C:\laragon\www\framework\web\CController.php(872): UsersController->renderFile()
#12 C:\laragon\www\framework\web\CController.php(785): UsersController->renderPartial()
#13 C:\laragon\www\ClinicApp2\protected\controllers\UsersController.php(167): UsersController->render()
#14 C:\laragon\www\framework\web\actions\CInlineAction.php(49): UsersController->actionIndex()
#15 C:\laragon\www\framework\web\CController.php(308): CInlineAction->runWithParams()
#16 C:\laragon\www\framework\web\filters\CFilterChain.php(134): UsersController->runAction()
#17 C:\laragon\www\framework\web\filters\CFilter.php(40): CFilterChain->run()
#18 C:\laragon\www\framework\web\CController.php(1148): CAccessControlFilter->filter()
#19 C:\laragon\www\framework\web\filters\CInlineFilter.php(58): UsersController->filterAccessControl()
#20 C:\laragon\www\framework\web\filters\CFilterChain.php(131): CInlineFilter->filter()
#21 C:\laragon\www\framework\web\CController.php(291): CFilterChain->run()
#22 C:\laragon\www\framework\web\CController.php(265): UsersController->runActionWithFilters()
#23 C:\laragon\www\framework\web\CWebApplication.php(282): UsersController->run()
#24 C:\laragon\www\framework\web\CWebApplication.php(141): CWebApplication->runController()
#25 C:\laragon\www\framework\base\CApplication.php(185): CWebApplication->processRequest()
#26 C:\laragon\www\ClinicApp2\index.php(13): CWebApplication->run()
REQUEST_URI=/users/index
in C:\laragon\www\ClinicApp2\protected\views\users\_view.php (21)
in C:\laragon\www\ClinicApp2\protected\views\users\index.php (19)
in C:\laragon\www\ClinicApp2\protected\controllers\UsersController.php (167)
2023/11/17 13:31:56 [error] [php] Undefined variable $employees (C:\laragon\www\ClinicApp2\protected\views\users\_view.php:21)
Stack trace:
#0 C:\laragon\www\framework\web\CBaseController.php(130): require()
#1 C:\laragon\www\framework\web\CBaseController.php(95): UsersController->renderInternal()
#2 C:\laragon\www\framework\zii\widgets\CListView.php(291): UsersController->renderFile()
#3 C:\laragon\www\framework\zii\widgets\CBaseListView.php(181): CListView->renderItems()
#4 unknown(0): CListView->renderSection()
#5 C:\laragon\www\framework\zii\widgets\CBaseListView.php(164): preg_replace_callback()
#6 C:\laragon\www\framework\zii\widgets\CBaseListView.php(149): CListView->renderContent()
#7 C:\laragon\www\framework\web\CBaseController.php(182): CListView->run()
#8 C:\laragon\www\ClinicApp2\protected\views\users\index.php(19): UsersController->widget()
#9 C:\laragon\www\framework\web\CBaseController.php(126): require()
#10 C:\laragon\www\framework\web\CBaseController.php(95): UsersController->renderInternal()
#11 C:\laragon\www\framework\web\CController.php(872): UsersController->renderFile()
#12 C:\laragon\www\framework\web\CController.php(785): UsersController->renderPartial()
#13 C:\laragon\www\ClinicApp2\protected\controllers\UsersController.php(167): UsersController->render()
#14 C:\laragon\www\framework\web\actions\CInlineAction.php(49): UsersController->actionIndex()
#15 C:\laragon\www\framework\web\CController.php(308): CInlineAction->runWithParams()
#16 C:\laragon\www\framework\web\filters\CFilterChain.php(134): UsersController->runAction()
#17 C:\laragon\www\framework\web\filters\CFilter.php(40): CFilterChain->run()
#18 C:\laragon\www\framework\web\CController.php(1148): CAccessControlFilter->filter()
#19 C:\laragon\www\framework\web\filters\CInlineFilter.php(58): UsersController->filterAccessControl()
#20 C:\laragon\www\framework\web\filters\CFilterChain.php(131): CInlineFilter->filter()
#21 C:\laragon\www\framework\web\CController.php(291): CFilterChain->run()
#22 C:\laragon\www\framework\web\CController.php(265): UsersController->runActionWithFilters()
#23 C:\laragon\www\framework\web\CWebApplication.php(282): UsersController->run()
#24 C:\laragon\www\framework\web\CWebApplication.php(141): CWebApplication->runController()
#25 C:\laragon\www\framework\base\CApplication.php(185): CWebApplication->processRequest()
#26 C:\laragon\www\ClinicApp2\index.php(13): CWebApplication->run()
REQUEST_URI=/users/index
in C:\laragon\www\ClinicApp2\protected\views\users\_view.php (21)
in C:\laragon\www\ClinicApp2\protected\views\users\index.php (19)
in C:\laragon\www\ClinicApp2\protected\controllers\UsersController.php (167)
2023/11/17 13:32:17 [error] [exception.CException] CException: Property "Users.employees" is not defined. in C:\laragon\www\framework\base\CComponent.php:130
Stack trace:
#0 C:\laragon\www\framework\db\ar\CActiveRecord.php(145): CComponent->__get('employees')
#1 C:\laragon\www\ClinicApp2\protected\views\users\_view.php(21): CActiveRecord->__get('employees')
#2 C:\laragon\www\framework\web\CBaseController.php(130): require('C:\\laragon\\www\\...')
#3 C:\laragon\www\framework\web\CBaseController.php(95): CBaseController->renderInternal('C:\\laragon\\www\\...', Array, false)
#4 C:\laragon\www\framework\zii\widgets\CListView.php(291): CBaseController->renderFile('C:\\laragon\\www\\...', Array)
#5 C:\laragon\www\framework\zii\widgets\CBaseListView.php(181): CListView->renderItems()
#6 [internal function]: CBaseListView->renderSection(Array)
#7 C:\laragon\www\framework\zii\widgets\CBaseListView.php(164): preg_replace_callback('/{(\\w+)}/', Array, '{summary}\n{sort...')
#8 C:\laragon\www\framework\zii\widgets\CBaseListView.php(149): CBaseListView->renderContent()
#9 C:\laragon\www\framework\web\CBaseController.php(182): CBaseListView->run()
#10 C:\laragon\www\ClinicApp2\protected\views\users\index.php(19): CBaseController->widget('zii.widgets.CLi...', Array)
#11 C:\laragon\www\framework\web\CBaseController.php(126): require('C:\\laragon\\www\\...')
#12 C:\laragon\www\framework\web\CBaseController.php(95): CBaseController->renderInternal('C:\\laragon\\www\\...', Array, true)
#13 C:\laragon\www\framework\web\CController.php(872): CBaseController->renderFile('C:\\laragon\\www\\...', Array, true)
#14 C:\laragon\www\framework\web\CController.php(785): CController->renderPartial('index', Array, true)
#15 C:\laragon\www\ClinicApp2\protected\controllers\UsersController.php(167): CController->render('index', Array)
#16 C:\laragon\www\framework\web\actions\CInlineAction.php(49): UsersController->actionIndex()
#17 C:\laragon\www\framework\web\CController.php(308): CInlineAction->runWithParams(Array)
#18 C:\laragon\www\framework\web\filters\CFilterChain.php(134): CController->runAction(Object(CInlineAction))
#19 C:\laragon\www\framework\web\filters\CFilter.php(40): CFilterChain->run()
#20 C:\laragon\www\framework\web\CController.php(1148): CFilter->filter(Object(CFilterChain))
#21 C:\laragon\www\framework\web\filters\CInlineFilter.php(58): CController->filterAccessControl(Object(CFilterChain))
#22 C:\laragon\www\framework\web\filters\CFilterChain.php(131): CInlineFilter->filter(Object(CFilterChain))
#23 C:\laragon\www\framework\web\CController.php(291): CFilterChain->run()
#24 C:\laragon\www\framework\web\CController.php(265): CController->runActionWithFilters(Object(CInlineAction), Array)
#25 C:\laragon\www\framework\web\CWebApplication.php(282): CController->run('index')
#26 C:\laragon\www\framework\web\CWebApplication.php(141): CWebApplication->runController('users/index')
#27 C:\laragon\www\framework\base\CApplication.php(185): CWebApplication->processRequest()
#28 C:\laragon\www\ClinicApp2\index.php(13): CApplication->run()
#29 {main}
REQUEST_URI=/users/index
HTTP_REFERER=http://clinicapp2.test/users/view/id/8
---
2023/11/17 13:37:56 [error] [php] Undefined variable $employees (C:\laragon\www\ClinicApp2\protected\views\users\_form.php:43)
Stack trace:
#0 C:\laragon\www\framework\web\CBaseController.php(126): require()
#1 C:\laragon\www\framework\web\CBaseController.php(95): UsersController->renderInternal()
#2 C:\laragon\www\framework\web\CController.php(872): UsersController->renderFile()
#3 C:\laragon\www\ClinicApp2\protected\views\users\update.php(21): UsersController->renderPartial()
#4 C:\laragon\www\framework\web\CBaseController.php(126): require()
#5 C:\laragon\www\framework\web\CBaseController.php(95): UsersController->renderInternal()
#6 C:\laragon\www\framework\web\CController.php(872): UsersController->renderFile()
#7 C:\laragon\www\framework\web\CController.php(785): UsersController->renderPartial()
#8 C:\laragon\www\ClinicApp2\protected\controllers\UsersController.php(142): UsersController->render()
#9 unknown(0): UsersController->actionUpdate()
#10 C:\laragon\www\framework\web\actions\CAction.php(114): ReflectionMethod->invokeArgs()
#11 C:\laragon\www\framework\web\actions\CInlineAction.php(47): CInlineAction->runWithParamsInternal()
#12 C:\laragon\www\framework\web\CController.php(308): CInlineAction->runWithParams()
#13 C:\laragon\www\framework\web\filters\CFilterChain.php(134): UsersController->runAction()
#14 C:\laragon\www\framework\web\filters\CFilter.php(40): CFilterChain->run()
#15 C:\laragon\www\framework\web\CController.php(1148): CAccessControlFilter->filter()
#16 C:\laragon\www\framework\web\filters\CInlineFilter.php(58): UsersController->filterAccessControl()
#17 C:\laragon\www\framework\web\filters\CFilterChain.php(131): CInlineFilter->filter()
#18 C:\laragon\www\framework\web\CController.php(291): CFilterChain->run()
#19 C:\laragon\www\framework\web\CController.php(265): UsersController->runActionWithFilters()
#20 C:\laragon\www\framework\web\CWebApplication.php(282): UsersController->run()
#21 C:\laragon\www\framework\web\CWebApplication.php(141): CWebApplication->runController()
#22 C:\laragon\www\framework\base\CApplication.php(185): CWebApplication->processRequest()
#23 C:\laragon\www\ClinicApp2\index.php(13): CWebApplication->run()
REQUEST_URI=/users/update/id/8
in C:\laragon\www\ClinicApp2\protected\views\users\_form.php (43)
in C:\laragon\www\ClinicApp2\protected\views\users\update.php (21)
in C:\laragon\www\ClinicApp2\protected\controllers\UsersController.php (142)
2023/11/17 13:39:27 [error] [php] Undefined variable $employees (C:\laragon\www\ClinicApp2\protected\views\users\_form.php:43)
Stack trace:
#0 C:\laragon\www\framework\web\CBaseController.php(126): require()
#1 C:\laragon\www\framework\web\CBaseController.php(95): UsersController->renderInternal()
#2 C:\laragon\www\framework\web\CController.php(872): UsersController->renderFile()
#3 C:\laragon\www\ClinicApp2\protected\views\users\update.php(21): UsersController->renderPartial()
#4 C:\laragon\www\framework\web\CBaseController.php(126): require()
#5 C:\laragon\www\framework\web\CBaseController.php(95): UsersController->renderInternal()
#6 C:\laragon\www\framework\web\CController.php(872): UsersController->renderFile()
#7 C:\laragon\www\framework\web\CController.php(785): UsersController->renderPartial()
#8 C:\laragon\www\ClinicApp2\protected\controllers\UsersController.php(142): UsersController->render()
#9 unknown(0): UsersController->actionUpdate()
#10 C:\laragon\www\framework\web\actions\CAction.php(114): ReflectionMethod->invokeArgs()
#11 C:\laragon\www\framework\web\actions\CInlineAction.php(47): CInlineAction->runWithParamsInternal()
#12 C:\laragon\www\framework\web\CController.php(308): CInlineAction->runWithParams()
#13 C:\laragon\www\framework\web\filters\CFilterChain.php(134): UsersController->runAction()
#14 C:\laragon\www\framework\web\filters\CFilter.php(40): CFilterChain->run()
#15 C:\laragon\www\framework\web\CController.php(1148): CAccessControlFilter->filter()
#16 C:\laragon\www\framework\web\filters\CInlineFilter.php(58): UsersController->filterAccessControl()
#17 C:\laragon\www\framework\web\filters\CFilterChain.php(131): CInlineFilter->filter()
#18 C:\laragon\www\framework\web\CController.php(291): CFilterChain->run()
#19 C:\laragon\www\framework\web\CController.php(265): UsersController->runActionWithFilters()
#20 C:\laragon\www\framework\web\CWebApplication.php(282): UsersController->run()
#21 C:\laragon\www\framework\web\CWebApplication.php(141): CWebApplication->runController()
#22 C:\laragon\www\framework\base\CApplication.php(185): CWebApplication->processRequest()
#23 C:\laragon\www\ClinicApp2\index.php(13): CWebApplication->run()
REQUEST_URI=/users/update/id/8
in C:\laragon\www\ClinicApp2\protected\views\users\_form.php (43)
in C:\laragon\www\ClinicApp2\protected\views\users\update.php (21)
in C:\laragon\www\ClinicApp2\protected\controllers\UsersController.php (142)
2023/11/17 13:41:17 [error] [php] Undefined variable $employees (C:\laragon\www\ClinicApp2\protected\views\users\_form.php:43)
Stack trace:
#0 C:\laragon\www\framework\web\CBaseController.php(126): require()
#1 C:\laragon\www\framework\web\CBaseController.php(95): UsersController->renderInternal()
#2 C:\laragon\www\framework\web\CController.php(872): UsersController->renderFile()
#3 C:\laragon\www\ClinicApp2\protected\views\users\update.php(21): UsersController->renderPartial()
#4 C:\laragon\www\framework\web\CBaseController.php(126): require()
#5 C:\laragon\www\framework\web\CBaseController.php(95): UsersController->renderInternal()
#6 C:\laragon\www\framework\web\CController.php(872): UsersController->renderFile()
#7 C:\laragon\www\framework\web\CController.php(785): UsersController->renderPartial()
#8 C:\laragon\www\ClinicApp2\protected\controllers\UsersController.php(142): UsersController->render()
#9 unknown(0): UsersController->actionUpdate()
#10 C:\laragon\www\framework\web\actions\CAction.php(114): ReflectionMethod->invokeArgs()
#11 C:\laragon\www\framework\web\actions\CInlineAction.php(47): CInlineAction->runWithParamsInternal()
#12 C:\laragon\www\framework\web\CController.php(308): CInlineAction->runWithParams()
#13 C:\laragon\www\framework\web\filters\CFilterChain.php(134): UsersController->runAction()
#14 C:\laragon\www\framework\web\filters\CFilter.php(40): CFilterChain->run()
#15 C:\laragon\www\framework\web\CController.php(1148): CAccessControlFilter->filter()
#16 C:\laragon\www\framework\web\filters\CInlineFilter.php(58): UsersController->filterAccessControl()
#17 C:\laragon\www\framework\web\filters\CFilterChain.php(131): CInlineFilter->filter()
#18 C:\laragon\www\framework\web\CController.php(291): CFilterChain->run()
#19 C:\laragon\www\framework\web\CController.php(265): UsersController->runActionWithFilters()
#20 C:\laragon\www\framework\web\CWebApplication.php(282): UsersController->run()
#21 C:\laragon\www\framework\web\CWebApplication.php(141): CWebApplication->runController()
#22 C:\laragon\www\framework\base\CApplication.php(185): CWebApplication->processRequest()
#23 C:\laragon\www\ClinicApp2\index.php(13): CWebApplication->run()
REQUEST_URI=/users/update/id/8
in C:\laragon\www\ClinicApp2\protected\views\users\_form.php (43)
in C:\laragon\www\ClinicApp2\protected\views\users\update.php (21)
in C:\laragon\www\ClinicApp2\protected\controllers\UsersController.php (142)
2023/11/17 13:41:26 [error] [php] Undefined variable $employees (C:\laragon\www\ClinicApp2\protected\views\users\_form.php:43)
Stack trace:
#0 C:\laragon\www\framework\web\CBaseController.php(126): require()
#1 C:\laragon\www\framework\web\CBaseController.php(95): UsersController->renderInternal()
#2 C:\laragon\www\framework\web\CController.php(872): UsersController->renderFile()
#3 C:\laragon\www\ClinicApp2\protected\views\users\update.php(21): UsersController->renderPartial()
#4 C:\laragon\www\framework\web\CBaseController.php(126): require()
#5 C:\laragon\www\framework\web\CBaseController.php(95): UsersController->renderInternal()
#6 C:\laragon\www\framework\web\CController.php(872): UsersController->renderFile()
#7 C:\laragon\www\framework\web\CController.php(785): UsersController->renderPartial()
#8 C:\laragon\www\ClinicApp2\protected\controllers\UsersController.php(142): UsersController->render()
#9 unknown(0): UsersController->actionUpdate()
#10 C:\laragon\www\framework\web\actions\CAction.php(114): ReflectionMethod->invokeArgs()
#11 C:\laragon\www\framework\web\actions\CInlineAction.php(47): CInlineAction->runWithParamsInternal()
#12 C:\laragon\www\framework\web\CController.php(308): CInlineAction->runWithParams()
#13 C:\laragon\www\framework\web\filters\CFilterChain.php(134): UsersController->runAction()
#14 C:\laragon\www\framework\web\filters\CFilter.php(40): CFilterChain->run()
#15 C:\laragon\www\framework\web\CController.php(1148): CAccessControlFilter->filter()
#16 C:\laragon\www\framework\web\filters\CInlineFilter.php(58): UsersController->filterAccessControl()
#17 C:\laragon\www\framework\web\filters\CFilterChain.php(131): CInlineFilter->filter()
#18 C:\laragon\www\framework\web\CController.php(291): CFilterChain->run()
#19 C:\laragon\www\framework\web\CController.php(265): UsersController->runActionWithFilters()
#20 C:\laragon\www\framework\web\CWebApplication.php(282): UsersController->run()
#21 C:\laragon\www\framework\web\CWebApplication.php(141): CWebApplication->runController()
#22 C:\laragon\www\framework\base\CApplication.php(185): CWebApplication->processRequest()
#23 C:\laragon\www\ClinicApp2\index.php(13): CWebApplication->run()
REQUEST_URI=/users/update/id/8
in C:\laragon\www\ClinicApp2\protected\views\users\_form.php (43)
in C:\laragon\www\ClinicApp2\protected\views\users\update.php (21)
in C:\laragon\www\ClinicApp2\protected\controllers\UsersController.php (142)
2023/11/17 13:41:55 [error] [php] Undefined variable $employees (C:\laragon\www\ClinicApp2\protected\views\users\_form.php:43)
Stack trace:
#0 C:\laragon\www\framework\web\CBaseController.php(126): require()
#1 C:\laragon\www\framework\web\CBaseController.php(95): UsersController->renderInternal()
#2 C:\laragon\www\framework\web\CController.php(872): UsersController->renderFile()
#3 C:\laragon\www\ClinicApp2\protected\views\users\update.php(21): UsersController->renderPartial()
#4 C:\laragon\www\framework\web\CBaseController.php(126): require()
#5 C:\laragon\www\framework\web\CBaseController.php(95): UsersController->renderInternal()
#6 C:\laragon\www\framework\web\CController.php(872): UsersController->renderFile()
#7 C:\laragon\www\framework\web\CController.php(785): UsersController->renderPartial()
#8 C:\laragon\www\ClinicApp2\protected\controllers\UsersController.php(144): UsersController->render()
#9 unknown(0): UsersController->actionUpdate()
#10 C:\laragon\www\framework\web\actions\CAction.php(114): ReflectionMethod->invokeArgs()
#11 C:\laragon\www\framework\web\actions\CInlineAction.php(47): CInlineAction->runWithParamsInternal()
#12 C:\laragon\www\framework\web\CController.php(308): CInlineAction->runWithParams()
#13 C:\laragon\www\framework\web\filters\CFilterChain.php(134): UsersController->runAction()
#14 C:\laragon\www\framework\web\filters\CFilter.php(40): CFilterChain->run()
#15 C:\laragon\www\framework\web\CController.php(1148): CAccessControlFilter->filter()
#16 C:\laragon\www\framework\web\filters\CInlineFilter.php(58): UsersController->filterAccessControl()
#17 C:\laragon\www\framework\web\filters\CFilterChain.php(131): CInlineFilter->filter()
#18 C:\laragon\www\framework\web\CController.php(291): CFilterChain->run()
#19 C:\laragon\www\framework\web\CController.php(265): UsersController->runActionWithFilters()
#20 C:\laragon\www\framework\web\CWebApplication.php(282): UsersController->run()
#21 C:\laragon\www\framework\web\CWebApplication.php(141): CWebApplication->runController()
#22 C:\laragon\www\framework\base\CApplication.php(185): CWebApplication->processRequest()
#23 C:\laragon\www\ClinicApp2\index.php(13): CWebApplication->run()
REQUEST_URI=/users/update/id/8
in C:\laragon\www\ClinicApp2\protected\views\users\_form.php (43)
in C:\laragon\www\ClinicApp2\protected\views\users\update.php (21)
in C:\laragon\www\ClinicApp2\protected\controllers\UsersController.php (144)
2023/11/17 13:42:37 [error] [php] Undefined variable $employees (C:\laragon\www\ClinicApp2\protected\views\users\_form.php:43)
Stack trace:
#0 C:\laragon\www\framework\web\CBaseController.php(126): require()
#1 C:\laragon\www\framework\web\CBaseController.php(95): UsersController->renderInternal()
#2 C:\laragon\www\framework\web\CController.php(872): UsersController->renderFile()
#3 C:\laragon\www\ClinicApp2\protected\views\users\update.php(21): UsersController->renderPartial()
#4 C:\laragon\www\framework\web\CBaseController.php(126): require()
#5 C:\laragon\www\framework\web\CBaseController.php(95): UsersController->renderInternal()
#6 C:\laragon\www\framework\web\CController.php(872): UsersController->renderFile()
#7 C:\laragon\www\framework\web\CController.php(785): UsersController->renderPartial()
#8 C:\laragon\www\ClinicApp2\protected\controllers\UsersController.php(142): UsersController->render()
#9 unknown(0): UsersController->actionUpdate()
#10 C:\laragon\www\framework\web\actions\CAction.php(114): ReflectionMethod->invokeArgs()
#11 C:\laragon\www\framework\web\actions\CInlineAction.php(47): CInlineAction->runWithParamsInternal()
#12 C:\laragon\www\framework\web\CController.php(308): CInlineAction->runWithParams()
#13 C:\laragon\www\framework\web\filters\CFilterChain.php(134): UsersController->runAction()
#14 C:\laragon\www\framework\web\filters\CFilter.php(40): CFilterChain->run()
#15 C:\laragon\www\framework\web\CController.php(1148): CAccessControlFilter->filter()
#16 C:\laragon\www\framework\web\filters\CInlineFilter.php(58): UsersController->filterAccessControl()
#17 C:\laragon\www\framework\web\filters\CFilterChain.php(131): CInlineFilter->filter()
#18 C:\laragon\www\framework\web\CController.php(291): CFilterChain->run()
#19 C:\laragon\www\framework\web\CController.php(265): UsersController->runActionWithFilters()
#20 C:\laragon\www\framework\web\CWebApplication.php(282): UsersController->run()
#21 C:\laragon\www\framework\web\CWebApplication.php(141): CWebApplication->runController()
#22 C:\laragon\www\framework\base\CApplication.php(185): CWebApplication->processRequest()
#23 C:\laragon\www\ClinicApp2\index.php(13): CWebApplication->run()
REQUEST_URI=/users/update/id/8
in C:\laragon\www\ClinicApp2\protected\views\users\_form.php (43)
in C:\laragon\www\ClinicApp2\protected\views\users\update.php (21)
in C:\laragon\www\ClinicApp2\protected\controllers\UsersController.php (142)
2023/11/17 13:42:50 [error] [php] Undefined variable $employees (C:\laragon\www\ClinicApp2\protected\views\users\_form.php:43)
Stack trace:
#0 C:\laragon\www\framework\web\CBaseController.php(126): require()
#1 C:\laragon\www\framework\web\CBaseController.php(95): UsersController->renderInternal()
#2 C:\laragon\www\framework\web\CController.php(872): UsersController->renderFile()
#3 C:\laragon\www\ClinicApp2\protected\views\users\update.php(21): UsersController->renderPartial()
#4 C:\laragon\www\framework\web\CBaseController.php(126): require()
#5 C:\laragon\www\framework\web\CBaseController.php(95): UsersController->renderInternal()
#6 C:\laragon\www\framework\web\CController.php(872): UsersController->renderFile()
#7 C:\laragon\www\framework\web\CController.php(785): UsersController->renderPartial()
#8 C:\laragon\www\ClinicApp2\protected\controllers\UsersController.php(142): UsersController->render()
#9 unknown(0): UsersController->actionUpdate()
#10 C:\laragon\www\framework\web\actions\CAction.php(114): ReflectionMethod->invokeArgs()
#11 C:\laragon\www\framework\web\actions\CInlineAction.php(47): CInlineAction->runWithParamsInternal()
#12 C:\laragon\www\framework\web\CController.php(308): CInlineAction->runWithParams()
#13 C:\laragon\www\framework\web\filters\CFilterChain.php(134): UsersController->runAction()
#14 C:\laragon\www\framework\web\filters\CFilter.php(40): CFilterChain->run()
#15 C:\laragon\www\framework\web\CController.php(1148): CAccessControlFilter->filter()
#16 C:\laragon\www\framework\web\filters\CInlineFilter.php(58): UsersController->filterAccessControl()
#17 C:\laragon\www\framework\web\filters\CFilterChain.php(131): CInlineFilter->filter()
#18 C:\laragon\www\framework\web\CController.php(291): CFilterChain->run()
#19 C:\laragon\www\framework\web\CController.php(265): UsersController->runActionWithFilters()
#20 C:\laragon\www\framework\web\CWebApplication.php(282): UsersController->run()
#21 C:\laragon\www\framework\web\CWebApplication.php(141): CWebApplication->runController()
#22 C:\laragon\www\framework\base\CApplication.php(185): CWebApplication->processRequest()
#23 C:\laragon\www\ClinicApp2\index.php(13): CWebApplication->run()
REQUEST_URI=/users/update/id/8
in C:\laragon\www\ClinicApp2\protected\views\users\_form.php (43)
in C:\laragon\www\ClinicApp2\protected\views\users\update.php (21)
in C:\laragon\www\ClinicApp2\protected\controllers\UsersController.php (142)
2023/11/17 13:45:54 [error] [exception.CHttpException.403] CHttpException: You are not authorized to perform this action. in C:\laragon\www\framework\web\auth\CAccessControlFilter.php:183
Stack trace:
#0 C:\laragon\www\framework\web\auth\CAccessControlFilter.php(145): CAccessControlFilter->accessDenied(Object(CWebUser), 'You are not aut...')
#1 C:\laragon\www\framework\web\filters\CFilter.php(38): CAccessControlFilter->preFilter(Object(CFilterChain))
#2 C:\laragon\www\framework\web\CController.php(1148): CFilter->filter(Object(CFilterChain))
#3 C:\laragon\www\framework\web\filters\CInlineFilter.php(58): CController->filterAccessControl(Object(CFilterChain))
#4 C:\laragon\www\framework\web\filters\CFilterChain.php(131): CInlineFilter->filter(Object(CFilterChain))
#5 C:\laragon\www\framework\web\CController.php(291): CFilterChain->run()
#6 C:\laragon\www\framework\web\CController.php(265): CController->runActionWithFilters(Object(CInlineAction), Array)
#7 C:\laragon\www\framework\web\CWebApplication.php(282): CController->run('admin')
#8 C:\laragon\www\framework\web\CWebApplication.php(141): CWebApplication->runController('users/admin')
#9 C:\laragon\www\framework\base\CApplication.php(185): CWebApplication->processRequest()
#10 C:\laragon\www\ClinicApp2\index.php(13): CApplication->run()
#11 {main}
REQUEST_URI=/users/admin
HTTP_REFERER=http://clinicapp2.test/login
---
2023/11/17 13:46:03 [error] [exception.CHttpException.403] CHttpException: You are not authorized to perform this action. in C:\laragon\www\framework\web\auth\CAccessControlFilter.php:183
Stack trace:
#0 C:\laragon\www\framework\web\auth\CAccessControlFilter.php(145): CAccessControlFilter->accessDenied(Object(CWebUser), 'You are not aut...')
#1 C:\laragon\www\framework\web\filters\CFilter.php(38): CAccessControlFilter->preFilter(Object(CFilterChain))
#2 C:\laragon\www\framework\web\CController.php(1148): CFilter->filter(Object(CFilterChain))
#3 C:\laragon\www\framework\web\filters\CInlineFilter.php(58): CController->filterAccessControl(Object(CFilterChain))
#4 C:\laragon\www\framework\web\filters\CFilterChain.php(131): CInlineFilter->filter(Object(CFilterChain))
#5 C:\laragon\www\framework\web\CController.php(291): CFilterChain->run()
#6 C:\laragon\www\framework\web\CController.php(265): CController->runActionWithFilters(Object(CInlineAction), Array)
#7 C:\laragon\www\framework\web\CWebApplication.php(282): CController->run('admin')
#8 C:\laragon\www\framework\web\CWebApplication.php(141): CWebApplication->runController('users/admin')
#9 C:\laragon\www\framework\base\CApplication.php(185): CWebApplication->processRequest()
#10 C:\laragon\www\ClinicApp2\index.php(13): CApplication->run()
#11 {main}
REQUEST_URI=/users/admin
HTTP_REFERER=http://clinicapp2.test/login
---
